2025-10-31 12:49:29,749 [INFO] Using fallback font: Helvetica
2025-10-31 12:49:29,783 [INFO] [31m[1mWARNING: This is a development server. Do not use it in a production deployment. Use a production WSGI server instead.[0m
 * Running on http://127.0.0.1:5000
2025-10-31 12:49:29,783 [INFO] [33mPress CTRL+C to quit[0m
2025-10-31 12:49:31,520 [INFO] 127.0.0.1 - - [31/Oct/2025 12:49:31] "GET / HTTP/1.1" 200 -
2025-10-31 12:49:31,557 [INFO] 127.0.0.1 - - [31/Oct/2025 12:49:31] "GET /static/js/main.270a05f5.js HTTP/1.1" 200 -
2025-10-31 12:49:31,559 [INFO] 127.0.0.1 - - [31/Oct/2025 12:49:31] "GET /static/css/main.1b08b2d1.css HTTP/1.1" 200 -
2025-10-31 12:49:31,761 [INFO] 127.0.0.1 - - [31/Oct/2025 12:49:31] "GET /manifest.json HTTP/1.1" 200 -
2025-10-31 12:49:31,762 [INFO] 127.0.0.1 - - [31/Oct/2025 12:49:31] "GET /favicon.ico HTTP/1.1" 200 -
2025-10-31 12:49:31,773 [INFO] 127.0.0.1 - - [31/Oct/2025 12:49:31] "GET /logo192.png HTTP/1.1" 200 -
2025-10-31 12:50:47,061 [INFO] Loaded salary register: C:\Users\ASUS\AppData\Local\Temp\tmp3dx7nbse\SALARY_REG.xlsx (rows: 29)
2025-10-31 12:50:47,071 [INFO] Added to ZIP: Payslip_TBSE001_LAKSHMIPRABHA_B.pdf
2025-10-31 12:50:47,077 [INFO] Added to ZIP: Payslip_TBSE002_CHARU_AHAMED_SABIULLAH.pdf
2025-10-31 12:50:47,083 [INFO] Added to ZIP: Payslip_TBSE004_MOHAMED_SHUAIB_MOHAMED_SAFFIULLA.pdf
2025-10-31 12:50:47,089 [INFO] Added to ZIP: Payslip_TBSE005_MOHANAPRIYA_SETHURAMAN.pdf
2025-10-31 12:50:47,094 [INFO] Added to ZIP: Payslip_TBSE006_NIVETHA_PRIYA_RAJENDRAN.pdf
2025-10-31 12:50:47,100 [INFO] Added to ZIP: Payslip_TBSE007_PARAMESWARAN_THANGARAJ.pdf
2025-10-31 12:50:47,106 [INFO] Added to ZIP: Payslip_TBSE008_PRAVEEN_JOHNSON_ALAGARSAMY.pdf
2025-10-31 12:50:47,111 [INFO] Added to ZIP: Payslip_TBSE009_RANJITH_SELVARAJ.pdf
2025-10-31 12:50:47,117 [INFO] Added to ZIP: Payslip_TBSE010_SRI_GANESH_BALACHANDAR.pdf
2025-10-31 12:50:47,122 [INFO] Added to ZIP: Payslip_TBSE011_SUBASH_BABU_BALAKRISHNAN.pdf
2025-10-31 12:50:47,127 [INFO] Added to ZIP: Payslip_TBSE012_YOGADHARSHINI_A.pdf
2025-10-31 12:50:47,133 [INFO] Added to ZIP: Payslip_TBSE013_GOKUL_VELUSAMY.pdf
2025-10-31 12:50:47,138 [INFO] Added to ZIP: Payslip_TBSE014_ILAYARAJA_G.pdf
2025-10-31 12:50:47,144 [INFO] Added to ZIP: Payslip_TBSE015_KEETHICK_VASA_M.pdf
2025-10-31 12:50:47,150 [INFO] Added to ZIP: Payslip_TBSE016_MENAKA_J.pdf
2025-10-31 12:50:47,155 [INFO] Added to ZIP: Payslip_TBSE017_MUTHUKKUMARAN_SUBRAMANIAN.pdf
2025-10-31 12:50:47,161 [INFO] Added to ZIP: Payslip_TBSE018_PAVITHRAN_RAJENDRAN.pdf
2025-10-31 12:50:47,167 [INFO] Added to ZIP: Payslip_TBSE019_S_PRAGADEESHWARAN.pdf
2025-10-31 12:50:47,173 [INFO] Added to ZIP: Payslip_TBSE020_PRAVEEN.pdf
2025-10-31 12:50:47,179 [INFO] Added to ZIP: Payslip_TBSE022_RAJESHWARAN_T.pdf
2025-10-31 12:50:47,185 [INFO] Added to ZIP: Payslip_TBSE023_SHAMITHA_SIVASHANMUGAM.pdf
2025-10-31 12:50:47,191 [INFO] Added to ZIP: Payslip_TBSE024_VISHNU_SARAVANAN.pdf
2025-10-31 12:50:47,196 [INFO] Added to ZIP: Payslip_TBSE025_HASAN_BASARI_A.pdf
2025-10-31 12:50:47,203 [INFO] Added to ZIP: Payslip_TBSE026_DINESHKUMAR_R.pdf
2025-10-31 12:50:47,210 [INFO] Added to ZIP: Payslip_TBSE027_VIRGINIA_MARY_JAYARAJ.pdf
2025-10-31 12:50:47,215 [INFO] Added to ZIP: Payslip_TBSE028_CHANDRAMOULI_JAMBUNATHAN.pdf
2025-10-31 12:50:47,222 [INFO] Added to ZIP: Payslip_TBSE030_PREETHI_R.pdf
2025-10-31 12:50:47,227 [INFO] Added to ZIP: Payslip_TBSE031_MAXMI_JOY_SAM_DAVID_VIVEK.pdf
2025-10-31 12:50:47,232 [INFO] Added to ZIP: Payslip_row32_Unknown.pdf
2025-10-31 12:50:47,233 [INFO] Done. Generated 29 payslips and saved ZIP: C:\Users\ASUS\AppData\Local\Temp\tmp3dx7nbse\Payslips_October_2025_20251031_125047.zip
2025-10-31 12:50:47,276 [INFO] 127.0.0.1 - - [31/Oct/2025 12:50:47] "POST /api/generate_payslip HTTP/1.1" 200 -
